OpenSSH format (for connecting with SSH):
-----BEGIN OPENSSH PRIVATE KEY-----
b3BlbnNzaC1rZXktdjEAAAAABG5vbmUAAAAEbm9uZQAAAAAAAAABAAABFwAAAAdzc2gtcnNhAAAA
AwEAAQAAAQEAwZ22dX2lTTnKxkSuIpMXNK2ecI+TaRU8poLKN2MJhbbjskdeU+mLhx/17QqiTbBm
7/4Mv3jxS9FhEAQLndGgvCHdTM7vDo+Q2ly3slrRiTUjp5+sNn9Jm395NbvtPZc4oaHi+XQvxomk
okR2ZVKPJnATejwVF7zeZraB1ylAt+I5YqpbzbAhY3ms4sezerMlCpzxRIjBRv536gnIFwHutrF9
FGTT/iqxjdo4zJAqdYawfcImts8D5dWZjB39ag3DDabZvotAZ6P+fcwGGAjWSsYioah2HhHhy6RN
ZlK1BC9t820JC4jddcUI+cP5tnEtnzGmrTZNhIXIcGC+iTpouwAAA7gRBt2bEQbdmwAAAAdzc2gt
cnNhAAABAQDBnbZ1faVNOcrGRK4ikxc0rZ5wj5NpFTymgso3YwmFtuOyR15T6YuHH/XtCqJNsGbv
/gy/ePFL0WEQBAud0aC8Id1Mzu8Oj5DaXLeyWtGJNSOnn6w2f0mbf3k1u+09lzihoeL5dC/GiaSi
RHZlUo8mcBN6PBUXvN5mtoHXKUC34jliqlvNsCFjeazix7N6syUKnPFEiMFG/nfqCcgXAe62sX0U
ZNP+KrGN2jjMkCp1hrB9wia2zwPl1ZmMHf1qDcMNptm+i0Bno/59zAYYCNZKxiKhqHYeEeHLpE1m
UrUEL23zbQkLiN11xQj5w/m2cS2fMaatNk2EhchwYL6JOmi7AAAAAwEAAQAAAQAdODJ5j8E7It4l
xuaqxB0L76nKHfjmsnRJQtLGwhUFT4EUfi3Ppx7OATZJlEHDTLx0Ophs6xErWol1885W/nRuAARY
W6B7R5JaSgTVD1yxAsqDORcx0ErpAzdlMxvOIDzFM9u/vteY9Fvau09M4kVFTUO7PkcGopPD14ZH
1Ot19JQtaNh44ePdoTkdIMNf/5o8UIDrZh+eIhk2h+dPI3GDQjeh/c3t8RWGm6z2sy1AfhuALP8l
mlfAcqZT+4aJ2w2MqXSPUXSCenuCNuUTVs+biEPbbVNU+qIpzugDdda40Sr2/PaWRMBJ5K1x0ziI
gLRZfm4HDqi1D3QsJGrf1vgRAAAAgGh0X2pFF7SXppKNjCirDJtR/kIHjmFBC1LdrY1tdZ/JiA0X
P2mS/+vIAkpbHFQQRTIXtHsPeDlyN/7TV58x+7ngUXaEDq+Sa497dPpjo9Ck6J0GWBKr2b/0Jt6G
RauV6MKvDp93rPCV8Ur7IDBunRufEa+PNgwnJli71ICuqyF4AAAAgQD0J6a6lUm+AqakBnmbQQTY
v4/NXySmKnoNOgHdLPiVnEDfA6VWtvmKmuigaqPmKSmizy1GFU5iwLo+6AEicuMH6v8YTgzEzILP
59JZl92f1cIY9YSTepSpTv2NWbAI8O3rLhyPYPENXVsQAxFXNoiru+HPjJFjnnnvQI7wJJYikQAA
AIEAywJhcoH9dpvtRitX4OSJtKuTzjzFuYzVMKC0de7YI8c4ABFOXi+MEYnWwJUrID0BXJE61Whn
ZZsFdmXKCnBTKdH9TrrepOrqXHjYkwnLPQXI+YQlQ2v7qFFYuq6Xgv6DYHifppTAaNe4Hmdqcxaf
CoV6LBB2VGCZobqkmbNlZIsAAAAAAQID
-----END OPENSSH PRIVATE KEY-----

OpenSSL/PEM format (for use with the AWS/Azure portals):
-----BEGIN RSA PRIVATE KEY-----
MIIEpAIBAAKCAQEAwZ22dX2lTTnKxkSuIpMXNK2ecI+TaRU8poLKN2MJhbbjskde
U+mLhx/17QqiTbBm7/4Mv3jxS9FhEAQLndGgvCHdTM7vDo+Q2ly3slrRiTUjp5+s
Nn9Jm395NbvtPZc4oaHi+XQvxomkokR2ZVKPJnATejwVF7zeZraB1ylAt+I5Yqpb
zbAhY3ms4sezerMlCpzxRIjBRv536gnIFwHutrF9FGTT/iqxjdo4zJAqdYawfcIm
ts8D5dWZjB39ag3DDabZvotAZ6P+fcwGGAjWSsYioah2HhHhy6RNZlK1BC9t820J
C4jddcUI+cP5tnEtnzGmrTZNhIXIcGC+iTpouwIDAQABAoIBAB04MnmPwTsi3iXG
5qrEHQvvqcod+OaydElC0sbCFQVPgRR+Lc+nHs4BNkmUQcNMvHQ6mGzrEStaiXXz
zlb+dG4ABFhboHtHklpKBNUPXLECyoM5FzHQSukDN2UzG84gPMUz27++15j0W9q7
T0ziRUVNQ7s+Rwaik8PXhkfU63X0lC1o2Hjh492hOR0gw1//mjxQgOtmH54iGTaH
508jcYNCN6H9ze3xFYabrPazLUB+G4As/yWaV8ByplP7honbDYypdI9RdIJ6e4I2
5RNWz5uIQ9ttU1T6oinO6AN11rjRKvb89pZEwEnkrXHTOIiAtFl+bgcOqLUPdCwk
at/W+BECgYEA9CemupVJvgKmpAZ5m0EE2L+PzV8kpip6DToB3Sz4lZxA3wOlVrb5
iprooGqj5ikpos8tRhVOYsC6PugBInLjB+r/GE4MxMyCz+fSWZfdn9XCGPWEk3qU
qU79jVmwCPDt6y4cj2DxDV1bEAMRVzaIq7vhz4yRY55570CO8CSWIpECgYEAywJh
coH9dpvtRitX4OSJtKuTzjzFuYzVMKC0de7YI8c4ABFOXi+MEYnWwJUrID0BXJE6
1WhnZZsFdmXKCnBTKdH9TrrepOrqXHjYkwnLPQXI+YQlQ2v7qFFYuq6Xgv6DYHif
ppTAaNe4HmdqcxafCoV6LBB2VGCZobqkmbNlZIsCgYEAiVPcJcpehe97x3qU38x8
a2Wj/sHrHUN7DwF3lu36jDwtCMNGNjYIuftTqRcSRR0V/CtHrcnCIy2AFG3uZW/1
XrjA7uzHpdHaKhKccCRJVeOnnt5JyaIDCBAT8XNm3kCVsdhn3AWM0BWYaLMxB7r2
uJGe+1x3Um8K6pWHUG9juuECgYEAr1qKE9/msSo0xPSxfsfJju7ZyD5ESGc2yz81
Qd0ig50UaTKJr9+ALLIUdtsimkE3yN6FpEr/bQt/p2p7H5MwsqH5HKVbpbZo46Fa
6X9/N2Gk3KphiaBfi19gtjgTFYqErrLirIA2xxj2qASKNYknrW3oPuGlZHLgoYtX
nJASF8sCgYBodF9qRRe0l6aSjYwoqwybUf5CB45hQQtS3a2NbXWfyYgNFz9pkv/r
yAJKWxxUEEUyF7R7D3g5cjf+01efMfu54FF2hA6vkmuPe3T6Y6PQpOidBlgSq9m/
9CbehkWrlejCrw6fd6zwlfFK+yAwbp0bnxGvjzYMJyZYu9SArqsheA==
-----END RSA PRIVATE KEY-----

Public key (for use in Terraform code):
ssh-rsa AAAAB3NzaC1yc2EAAAADAQABAAABAQDBnbZ1faVNOcrGRK4ikxc0rZ5wj5NpFTymgso3YwmFtuOyR15T6YuHH/XtCqJNsGbv/gy/ePFL0WEQBAud0aC8Id1Mzu8Oj5DaXLeyWtGJNSOnn6w2f0mbf3k1u+09lzihoeL5dC/GiaSiRHZlUo8mcBN6PBUXvN5mtoHXKUC34jliqlvNsCFjeazix7N6syUKnPFEiMFG/nfqCcgXAe62sX0UZNP+KrGN2jjMkCp1hrB9wia2zwPl1ZmMHf1qDcMNptm+i0Bno/59zAYYCNZKxiKhqHYeEeHLpE1mUrUEL23zbQkLiN11xQj5w/m2cS2fMaatNk2EhchwYL6JOmi7
